2025-11-04 09:19:31,618 - WARNING - Began EBiennial Reprocessing
2025-11-04 09:19:31,618 - INFO - Retrieving Attachments
2025-11-04 09:19:31,619 - DEBUG - looking for emails with subject:  - @SQL="urn:schemas:httpmail:subject" LIKE '%PROD: Ebiennial Payment Reports (11/03/2025 12:00:00 AM - 11/03/2025 11:59:59 PM)%'
2025-11-04 09:19:31,895 - DEBUG - Subject: - PROD: Ebiennial Payment Reports (11/03/2025 12:00:00 AM - 11/03/2025 11:59:59 PM)
2025-11-04 09:19:31,895 - DEBUG - Sender: - Interface Team
2025-11-04 09:19:31,895 - DEBUG - Received Time: - 2025-11-04 09:14:33.090000+00:00
2025-11-04 09:19:31,923 - DEBUG - Attachment saved: - Ebiennial PaymentReport_2025-11-04_Summary.xlsx
2025-11-04 09:19:31,936 - DEBUG - Attachment saved: - Ebiennial PaymentReport_2025-11-04_Discrepancy.xlsx
2025-11-04 09:19:31,938 - INFO - extracting data from saved attachments
2025-11-04 09:19:32,931 - INFO - checking Summary
2025-11-04 09:19:32,932 - DEBUG - All values are SALE
2025-11-04 09:19:32,933 - INFO - reading data From Discrepancy
2025-11-04 09:19:32,943 - DEBUG - Reading data from: - Ebiennial PaymentReport_2025-11-04_Discrepancy.xlsx
2025-11-04 09:19:32,943 - DEBUG - transaction found: - 031125O3A-2D542429-2554-45DE-B5EC-EC401DCDA3C3,1431482,SALE
2025-11-04 09:19:32,943 - DEBUG - transaction found: - 031125C2A-6E3CD652-489A-4144-B2F1-374F49A09C19,1431491,SALE
2025-11-04 09:19:32,944 - DEBUG - transaction found: - 031125C29-36D515E5-E0B8-41F2-BDC5-467E966BD2D4,1431497,AUTHONLY
2025-11-04 09:19:32,944 - DEBUG - transaction found: - 031125C2B-89D37F52-B56C-4714-8F62-D3906AA2DE9B,1431496,AUTHONLY
2025-11-04 09:19:32,944 - DEBUG - transaction found: - 031125C29-739A2D00-C347-4C47-8FD7-027A12B39770,1431499,AUTHONLY
2025-11-04 09:19:32,944 - DEBUG - transaction found: - 031125C1B-01CE495C-77BC-4315-917E-F997D5CE3330,1431526,AUTHONLY
2025-11-04 09:19:32,944 - DEBUG - transaction found: - 031125C1A-BC3D6D13-8187-4B4D-ACD6-9E007D1E252B,1433129,SALE
2025-11-04 09:19:32,944 - DEBUG - transaction found: - 031125C1A-1A6AEC03-495C-41A4-8D77-612258B10A36,1433328,AUTHONLY
2025-11-04 09:19:32,944 - DEBUG - transaction found: - 031125O39-877CEAE6-DA3A-4022-BE14-6DA596AC9A1F,1434644,SALE
2025-11-04 09:19:32,944 - DEBUG - transaction found: - 031125O13-4309B91C-842F-4CCF-9FC1-2320CBA4B6D8,1435920,SALE
2025-11-04 09:19:32,944 - DEBUG - transaction found: - 031125O13-0C1E563A-6768-4ADE-8A9D-AF81C75D4E3E,1435982,SALE
2025-11-04 09:19:32,944 - DEBUG - transaction found: - 031125C2A-527C5DEE-F4B1-4B1B-9037-86E1C882C52C,1428160,RETURN
2025-11-04 09:19:32,944 - DEBUG - transaction found: - 031125C1A-F72F481A-A55F-47BF-B9C9-2D45F191520F,1428170,RETURN
2025-11-04 09:19:32,944 - DEBUG - transaction found: - 031125C2A-358225E1-1D34-46C9-8D48-F08A40B5E5FA,1428182,RETURN
2025-11-04 09:19:32,944 - DEBUG - transaction found: - 031125C2B-A185FE37-5312-4913-A224-D196757705B1,1428239,RETURN
2025-11-04 09:19:32,944 - DEBUG - transaction found: - 031125O2D-2CE87845-D87E-4DB3-A4F6-789668E0C679,1428651,RETURN
2025-11-04 09:19:32,944 - DEBUG - transaction found: - 031125C1B-4E162E80-595B-438D-B751-4096A4AE6A26,1429269,RETURN
2025-11-04 09:19:32,944 - DEBUG - transaction found: - 031125C18-D0695362-4F71-4AE4-AAB2-7AF53B40A050,1429368,RETURN
2025-11-04 09:19:32,944 - DEBUG - transaction found: - 031125O3A-500EFD7D-8E8C-4960-AB61-1945047CDB9D,1429531,RETURN
2025-11-04 09:19:32,944 - DEBUG - transaction found: - 031125O2C-4383F3A6-7050-4423-8D7C-724D1077E134,1430085,RETURN
2025-11-04 09:19:32,944 - DEBUG - transaction found: - 031125C1D-9C5E150A-973C-466B-9BA6-5CA50040E8AF,1430713,RETURN
2025-11-04 09:19:32,944 - DEBUG - transaction found: - 031125C2A-B907CF4D-E375-4EE0-9676-CFDA67523A79,1430717,RETURN
2025-11-04 09:19:32,944 - DEBUG - transaction found: - 031125C2B-71276F67-8D30-4F91-8923-B3CD6BE69CF7,1431210,RETURN
2025-11-04 09:19:32,945 - DEBUG - transaction found: - 031125C2B-85DD71AA-0B4F-4AB2-9B3E-5B18901D18A8,1431287,RETURN
2025-11-04 09:19:32,945 - DEBUG - transaction found: - 031125O3A-831463D6-6090-44B6-AB4E-FCB1C1445714,1431285,RETURN
2025-11-04 09:19:32,945 - DEBUG - transaction found: - 031125O2D-3201AA8F-E7E2-4CEE-B4F5-8F78A15D2D96,1436453,SALE
2025-11-04 09:19:32,945 - DEBUG - transaction found: - 031125C18-CB208D2F-CED2-4921-AE11-B7E1D27662FA,1436877,SALE
2025-11-04 09:19:32,945 - DEBUG - transaction found: - 031125C19-352250FF-E145-412B-9E09-DF49AF9A3A6C,1436930,SALE
2025-11-04 09:19:33,616 - INFO - checking Summary
2025-11-04 09:19:33,618 - DEBUG - All values are SALE
2025-11-04 09:19:33,618 - INFO - Reprocessing EBiennial Transactions
2025-11-04 09:19:33,618 - INFO - Building Objects
2025-11-04 09:19:33,618 - INFO - -------------------------------------------------------
2025-11-04 09:19:33,618 - INFO - Running URL Query
